<?xml version="1.0" encoding="UTF-8"?>
<!-- Generated by org.testng.reporters.JUnitXMLReporter -->
<testsuite ignored="16" hostname="LTIN193891" failures="0" tests="8" name="Grouping" time="48.43" errors="0" timestamp="2024-03-02T16:41:52 IST">
  <testcase classname="TestCases.testcase_travelinsurance" name="countrydetails" time="7.337"/>
  <testcase classname="TestCases.testcase_travelinsurance" name="tripdates" time="5.656"/>
  <testcase classname="TestCases.testcase_travelinsurance" name="travellerage" time="9.661"/>
  <testcase classname="TestCases.testcase_travelinsurance" name="medicaldetails" time="0.76"/>
  <testcase classname="TestCases.testcase_carinsurance" name="homePage" time="1.94"/>
  <testcase classname="TestCases.testcase_carinsurance" name="carinsurancepage" time="10.445"/>
  <testcase classname="TestCases.testcase_healthinsurance" name="navigateHomePage" time="2.445"/>
  <testcase classname="TestCases.testcase_healthinsurance" name="clickproduct" time="0.196"/>
  <testcase classname="TestCases.testcase_travelinsurance" name="plantype" time="0.0">
    <ignored/>
  </testcase> <!-- plantype -->
  <testcase classname="TestCases.base" name="@AfterTest pageclose" time="0.0">
    <ignored/>
  </testcase> <!-- @AfterTest pageclose -->
  <testcase classname="TestCases.testcase_carinsurance" name="cityandrto" time="0.0">
    <ignored/>
  </testcase> <!-- cityandrto -->
  <testcase classname="TestCases.base" name="@BeforeTest setup" time="0.0">
    <ignored/>
  </testcase> <!-- @BeforeTest setup -->
  <testcase classname="TestCases.base" name="@AfterTest pageclose" time="0.0">
    <ignored/>
  </testcase> <!-- @AfterTest pageclose -->
  <testcase classname="TestCases.base" name="@BeforeTest setup" time="0.0">
    <ignored/>
  </testcase> <!-- @BeforeTest setup -->
  <testcase classname="TestCases.testcase_travelinsurance" name="studentinfo" time="0.0">
    <ignored/>
  </testcase> <!-- studentinfo -->
  <testcase classname="TestCases.testcase_travelinsurance" name="tripduration" time="0.0">
    <ignored/>
  </testcase> <!-- tripduration -->
  <testcase classname="TestCases.testcase_carinsurance" name="varient" time="0.0">
    <ignored/>
  </testcase> <!-- varient -->
  <testcase classname="TestCases.testcase_travelinsurance" name="addingfilter" time="0.0">
    <ignored/>
  </testcase> <!-- addingfilter -->
  <testcase classname="TestCases.testcase_healthinsurance" name="displayinsurancelist" time="0.0">
    <ignored/>
  </testcase> <!-- displayinsurancelist -->
  <testcase classname="TestCases.testcase_carinsurance" name="carbrand" time="0.0">
    <ignored/>
  </testcase> <!-- carbrand -->
  <testcase classname="TestCases.testcase_travelinsurance" name="InsurancePlans" time="0.0">
    <ignored/>
  </testcase> <!-- InsurancePlans -->
  <testcase classname="TestCases.testcase_travelinsurance" name="Enteringphone" time="0.0">
    <ignored/>
  </testcase> <!-- Enteringphone -->
  <testcase classname="TestCases.testcase_carinsurance" name="invalidemail" time="0.0">
    <ignored/>
  </testcase> <!-- invalidemail -->
  <testcase classname="TestCases.testcase_carinsurance" name="errorMessage" time="0.0">
    <ignored/>
  </testcase> <!-- errorMessage -->
</testsuite> <!-- Grouping -->
