<?xml version="1.0" encoding="UTF-8"?>
<!-- Generated by org.testng.reporters.JUnitXMLReporter -->
<testsuite ignored="4" hostname="LTIN193891" failures="0" tests="20" name="Testing" time="87.545" errors="0" timestamp="2024-03-02T17:13:42 IST">
  <testcase classname="TestCases.testcase_travelinsurance" name="countrydetails" time="4.386"/>
  <testcase classname="TestCases.testcase_travelinsurance" name="tripdates" time="3.895"/>
  <testcase classname="TestCases.testcase_travelinsurance" name="travellerage" time="9.012"/>
  <testcase classname="TestCases.testcase_travelinsurance" name="medicaldetails" time="0.575"/>
  <testcase classname="TestCases.testcase_travelinsurance" name="Enteringphone" time="1.312"/>
  <testcase classname="TestCases.testcase_travelinsurance" name="plantype" time="4.025"/>
  <testcase classname="TestCases.testcase_travelinsurance" name="studentinfo" time="4.331"/>
  <testcase classname="TestCases.testcase_travelinsurance" name="tripduration" time="0.316"/>
  <testcase classname="TestCases.testcase_travelinsurance" name="addingfilter" time="4.243"/>
  <testcase classname="TestCases.testcase_travelinsurance" name="InsurancePlans" time="1.885"/>
  <testcase classname="TestCases.testcase_carinsurance" name="homePage" time="2.272"/>
  <testcase classname="TestCases.testcase_carinsurance" name="carinsurancepage" time="10.306"/>
  <testcase classname="TestCases.testcase_carinsurance" name="cityandrto" time="4.261"/>
  <testcase classname="TestCases.testcase_carinsurance" name="carbrand" time="4.376"/>
  <testcase classname="TestCases.testcase_carinsurance" name="varient" time="4.451"/>
  <testcase classname="TestCases.testcase_carinsurance" name="invalidemail" time="6.502"/>
  <testcase classname="TestCases.testcase_carinsurance" name="errorMessage" time="2.12"/>
  <testcase classname="TestCases.testcase_healthinsurance" name="navigateHomePage" time="2.301"/>
  <testcase classname="TestCases.testcase_healthinsurance" name="clickproduct" time="0.112"/>
  <testcase classname="TestCases.testcase_healthinsurance" name="displayinsurancelist" time="1.036"/>
  <testcase classname="TestCases.base" name="@BeforeTest setup" time="0.0">
    <ignored/>
  </testcase> <!-- @BeforeTest setup -->
  <testcase classname="TestCases.base" name="@BeforeTest setup" time="0.0">
    <ignored/>
  </testcase> <!-- @BeforeTest setup -->
  <testcase classname="TestCases.base" name="@AfterTest pageclose" time="0.0">
    <ignored/>
  </testcase> <!-- @AfterTest pageclose -->
  <testcase classname="TestCases.base" name="@AfterTest pageclose" time="0.0">
    <ignored/>
  </testcase> <!-- @AfterTest pageclose -->
</testsuite> <!-- Testing -->
