<?xml version="1.0" encoding="UTF-8"?>
<!-- Generated by org.testng.reporters.JUnitXMLReporter -->
<testsuite ignored="0" hostname="LTIN193891" failures="0" tests="10" name="Testing" time="54.486" errors="0" timestamp="2024-02-29T23:15:42 IST">
  <testcase classname="TestCases.testcase_travelinsurance" name="countrydetails" time="5.844"/>
  <testcase classname="TestCases.testcase_travelinsurance" name="tripdates" time="6.112"/>
  <testcase classname="TestCases.testcase_travelinsurance" name="travellerage" time="9.457"/>
  <testcase classname="TestCases.testcase_travelinsurance" name="medicaldetails" time="0.576"/>
  <testcase classname="TestCases.testcase_travelinsurance" name="Enteringphone" time="1.159"/>
  <testcase classname="TestCases.testcase_travelinsurance" name="plantype" time="3.554"/>
  <testcase classname="TestCases.testcase_travelinsurance" name="studentinfo" time="4.27"/>
  <testcase classname="TestCases.testcase_travelinsurance" name="tripduration" time="0.369"/>
  <testcase classname="TestCases.testcase_travelinsurance" name="addingfilter" time="4.339"/>
  <testcase classname="TestCases.testcase_travelinsurance" name="InsurancePlans" time="2.02"/>
</testsuite> <!-- Testing -->
