<?xml version="1.0" encoding="UTF-8"?>
<!-- Generated by org.testng.reporters.JUnitReportReporter -->
<testsuite hostname="LTIN193891" failures="0" tests="20" name="Regression.RegressionTest" time="77.860" errors="0" timestamp="2024-03-02T16:39:40 IST" skipped="0">
  <testcase classname="Regression.RegressionTest" name="countrydetails" time="4.856"/>
  <testcase classname="Regression.RegressionTest" name="tripdates" time="5.371"/>
  <testcase classname="Regression.RegressionTest" name="travellerage" time="9.563"/>
  <testcase classname="Regression.RegressionTest" name="medicaldetails" time="0.832"/>
  <testcase classname="Regression.RegressionTest" name="Enteringphone" time="2.103"/>
  <testcase classname="Regression.RegressionTest" name="plantype" time="4.690"/>
  <testcase classname="Regression.RegressionTest" name="studentinfo" time="4.336"/>
  <testcase classname="Regression.RegressionTest" name="tripduration" time="0.400"/>
  <testcase classname="Regression.RegressionTest" name="addingfilter" time="4.398"/>
  <testcase classname="Regression.RegressionTest" name="InsurancePlans" time="2.264"/>
  <testcase classname="Regression.RegressionTest" name="homePage" time="2.158"/>
  <testcase classname="Regression.RegressionTest" name="carinsurancepage" time="9.974"/>
  <testcase classname="Regression.RegressionTest" name="cityandrto" time="4.458"/>
  <testcase classname="Regression.RegressionTest" name="carbrand" time="4.461"/>
  <testcase classname="Regression.RegressionTest" name="varient" time="4.694"/>
  <testcase classname="Regression.RegressionTest" name="invalidemail" time="6.539"/>
  <testcase classname="Regression.RegressionTest" name="errorMessage" time="2.147"/>
  <testcase classname="Regression.RegressionTest" name="navigateHomePage" time="2.931"/>
  <testcase classname="Regression.RegressionTest" name="clickproduct" time="0.168"/>
  <testcase classname="Regression.RegressionTest" name="displayinsurancelist" time="1.517"/>
</testsuite> <!-- Regression.RegressionTest -->
