<?xml version="1.0" encoding="UTF-8"?>
<!-- Generated by org.testng.reporters.JUnitReportReporter -->
<testsuite hostname="LTIN193891" failures="0" tests="8" name="Smoke.SmokeTest" time="36.205" errors="0" timestamp="2024-03-02T16:37:23 IST" skipped="0">
  <testcase classname="Smoke.SmokeTest" name="countrydetails" time="5.579"/>
  <testcase classname="Smoke.SmokeTest" name="tripdates" time="5.366"/>
  <testcase classname="Smoke.SmokeTest" name="travellerage" time="9.701"/>
  <testcase classname="Smoke.SmokeTest" name="medicaldetails" time="1.255"/>
  <testcase classname="Smoke.SmokeTest" name="homePage" time="2.154"/>
  <testcase classname="Smoke.SmokeTest" name="carinsurancepage" time="9.809"/>
  <testcase classname="Smoke.SmokeTest" name="navigateHomePage" time="2.164"/>
  <testcase classname="Smoke.SmokeTest" name="clickproduct" time="0.177"/>
</testsuite> <!-- Smoke.SmokeTest -->
